2026.05.13 11:59:56 INFO  Started: Metals version 1.6.7 in folders 'C:\Users\Jair Morales\OneDrive - UVG\Escritorio\Progra2\Estructuras-de-datos-scala' for client Visual Studio Code 1.118.1.
2026.05.13 11:59:56 INFO  Memory monitor started
2026.05.13 11:59:56 WARN  Using H2 2.4.240 which is newer than the version Flyway has been verified with. The latest verified version of H2 is 2.3.232.
2026.05.13 11:59:57 INFO  no build target found for C:\Users\Jair Morales\OneDrive - UVG\Escritorio\Progra2\Estructuras-de-datos-scala\PageNode.scala. Using presentation compiler with project's scala-library version: 3.3.7
2026.05.13 11:59:59 INFO  Running List(C:\Users\Jair Morales\AppData\Local\Coursier\data\bin\scala-cli.BAT, setup-ide, C:\Users\Jair Morales\OneDrive - UVG\Escritorio\Progra2\Estructuras-de-datos-scala)
2026.05.13 12:00:00 INFO  Attempting to connect to the build server...
2026.05.13 12:00:00 INFO  Running BSP server List(C:\Users\Jair Morales\AppData\Local\Coursier\data\bin\.scala-cli.aux.exe, bsp, --json-options, C:\Users\Jair Morales\OneDrive - UVG\Escritorio\Progra2\Estructuras-de-datos-scala\.scala-build\ide-options-v2.json, --json-launcher-options, C:\Users\Jair Morales\OneDrive - UVG\Escritorio\Progra2\Estructuras-de-datos-scala\.scala-build\ide-launcher-options.json, --envs-file, C:\Users\Jair Morales\OneDrive - UVG\Escritorio\Progra2\Estructuras-de-datos-scala\.scala-build\ide-envs.json, C:\Users\Jair Morales\OneDrive - UVG\Escritorio\Progra2\Estructuras-de-datos-scala)
2026.05.13 12:00:00 INFO  tracing is disabled for protocol BSP, to enable tracing of incoming and outgoing JSON messages create an empty file at C:\Users\Jair Morales\OneDrive - UVG\Escritorio\Progra2\Estructuras-de-datos-scala\.metals\bsp.trace.json or C:\Users\Jair Morales\AppData\Local\scalameta\metals\cache\bsp.trace.json
2026.05.13 12:00:01 INFO  BSP server: Starting compilation server
2026.05.13 12:00:02 WARN  Could not find semantic tokens for: file:///C:/Users/Jair%20Morales/OneDrive%20-%20UVG/Escritorio/Progra2/Estructuras-de-datos-scala/PageNode.scala
2026.05.13 12:00:03 INFO  time: Connected to build server in 3.23s
2026.05.13 12:00:03 INFO  Connected to Build server: scala-cli v1.12.3
2026.05.13 12:00:04 INFO  BSP server: May 13, 2026 12:00:04 PM org.eclipse.lsp4j.jsonrpc.services.GenericEndpoint request
2026.05.13 12:00:04 INFO  BSP server: WARNING: Unsupported request method: buildTarget/wrappedSources
2026.05.13 12:00:03 INFO  Failed to run request with params WrappedSourcesResult
org.eclipse.lsp4j.jsonrpc.ResponseErrorException: Unsupported request method: buildTarget/wrappedSources
	at org.eclipse.lsp4j.jsonrpc.RemoteEndpoint.handleResponse(RemoteEndpoint.java:214)
	at org.eclipse.lsp4j.jsonrpc.RemoteEndpoint.consume(RemoteEndpoint.java:198)
	at scala.meta.internal.metals.RequestMonitorImpl$$anon$1.consume(ServerLivenessMonitor.scala:41)
	at org.eclipse.lsp4j.jsonrpc.json.StreamMessageProducer.handleMessage(StreamMessageProducer.java:189)
	at org.eclipse.lsp4j.jsonrpc.json.StreamMessageProducer.listen(StreamMessageProducer.java:97)
	at org.eclipse.lsp4j.jsonrpc.json.ConcurrentMessageProcessor.run(ConcurrentMessageProcessor.java:97)
	at java.util.concurrent.Executors$RunnableAdapter.call(Executors.java:572)
	at java.util.concurrent.FutureTask.run(FutureTask.java:317)
	at java.util.concurrent.ThreadPoolExecutor.runWorker(ThreadPoolExecutor.java:1144)
	at java.util.concurrent.ThreadPoolExecutor$Worker.run(ThreadPoolExecutor.java:642)
	at java.lang.Thread.run(Thread.java:1583)

2026.05.13 12:00:04 INFO  Disconnecting from scala-cli session...
2026.05.13 12:00:04 ERROR Failed to connect with build server, no functionality will work.
scala.meta.internal.metals.MetalsBspException: BSP connection failed in the attempt to get: WrappedSourcesResult
	at scala.meta.internal.metals.BuildServerConnection$$anonfun$1.$anonfun$applyOrElse$9(BuildServerConnection.scala:585)
	at scala.Option.getOrElse(Option.scala:201)
	at scala.meta.internal.metals.BuildServerConnection$$anonfun$1.applyOrElse(BuildServerConnection.scala:585)
	at scala.meta.internal.metals.BuildServerConnection$$anonfun$1.applyOrElse(BuildServerConnection.scala:560)
	at scala.concurrent.impl.Promise$Transformation.run(Promise.scala:523)
	at java.util.concurrent.ThreadPoolExecutor.runWorker(ThreadPoolExecutor.java:1144)
	at java.util.concurrent.ThreadPoolExecutor$Worker.run(ThreadPoolExecutor.java:642)
	at java.lang.Thread.run(Thread.java:1583)
Caused by: org.eclipse.lsp4j.jsonrpc.ResponseErrorException: Unsupported request method: buildTarget/wrappedSources
	at org.eclipse.lsp4j.jsonrpc.RemoteEndpoint.handleResponse(RemoteEndpoint.java:214)
	at org.eclipse.lsp4j.jsonrpc.RemoteEndpoint.consume(RemoteEndpoint.java:198)
	at scala.meta.internal.metals.RequestMonitorImpl$$anon$1.consume(ServerLivenessMonitor.scala:41)
	at org.eclipse.lsp4j.jsonrpc.json.StreamMessageProducer.handleMessage(StreamMessageProducer.java:189)
	at org.eclipse.lsp4j.jsonrpc.json.StreamMessageProducer.listen(StreamMessageProducer.java:97)
	at org.eclipse.lsp4j.jsonrpc.json.ConcurrentMessageProcessor.run(ConcurrentMessageProcessor.java:97)
	at java.util.concurrent.Executors$RunnableAdapter.call(Executors.java:572)
	at java.util.concurrent.FutureTask.run(FutureTask.java:317)
	at java.util.concurrent.ThreadPoolExecutor.runWorker(ThreadPoolExecutor.java:1144)
	at java.util.concurrent.ThreadPoolExecutor$Worker.run(ThreadPoolExecutor.java:642)
	at java.lang.Thread.run(Thread.java:1583)

2026.05.13 12:00:04 INFO  BSP server: May 13, 2026 12:00:04 PM org.eclipse.lsp4j.jsonrpc.RemoteEndpoint handleNotification
2026.05.13 12:00:04 INFO  BSP server: WARNING: Notification threw an exception: {
2026.05.13 12:00:04 INFO  BSP server:   "jsonrpc": "2.0",
2026.05.13 12:00:04 INFO  BSP server:   "method": "build/exit",
2026.05.13 12:00:03 INFO  Shut down connection with build server.
2026.05.13 12:00:04 INFO  BSP server:   "params": null
2026.05.13 12:00:04 INFO  BSP server: }
2026.05.13 12:00:04 INFO  BSP server: java.lang.RuntimeException: java.lang.reflect.InvocationTargetException
2026.05.13 12:00:04 INFO  BSP server: 	at org.eclipse.lsp4j.jsonrpc.services.GenericEndpoint.lambda$null$0(GenericEndpoint.java:67)
2026.05.13 12:00:04 INFO  BSP server: 	at org.eclipse.lsp4j.jsonrpc.services.GenericEndpoint.notify(GenericEndpoint.java:152)
2026.05.13 12:00:04 INFO  BSP server: 	at org.eclipse.lsp4j.jsonrpc.RemoteEndpoint.handleNotification(RemoteEndpoint.java:220)
2026.05.13 12:00:04 INFO  BSP server: 	at org.eclipse.lsp4j.jsonrpc.RemoteEndpoint.consume(RemoteEndpoint.java:187)
2026.05.13 12:00:04 INFO  BSP server: 	at org.eclipse.lsp4j.jsonrpc.json.StreamMessageProducer.handleMessage(StreamMessageProducer.java:194)
2026.05.13 12:00:04 INFO  BSP server: 	at org.eclipse.lsp4j.jsonrpc.json.StreamMessageProducer.listen(StreamMessageProducer.java:94)
2026.05.13 12:00:04 INFO  BSP server: 	at org.eclipse.lsp4j.jsonrpc.json.ConcurrentMessageProcessor.run(ConcurrentMessageProcessor.java:113)
2026.05.13 12:00:04 INFO  BSP server: 	at java.base@17.0.9/java.util.concurrent.Executors$RunnableAdapter.call(Executors.java:539)
2026.05.13 12:00:04 WARN  no build target for: C:\Users\Jair Morales\OneDrive - UVG\Escritorio\Progra2\Estructuras-de-datos-scala\PageNode.scala
2026.05.13 12:00:04 INFO  no build target found for C:\Users\Jair Morales\OneDrive - UVG\Escritorio\Progra2\Estructuras-de-datos-scala\PageNode.scala. Using presentation compiler with project's scala-library version: 3.3.7
2026.05.13 12:00:04 INFO  no build target found for C:\Users\Jair Morales\OneDrive - UVG\Escritorio\Progra2\Estructuras-de-datos-scala\PageNode.scala. Using presentation compiler with project's scala-library version: 3.3.7
2026.05.13 12:00:04 WARN  Could not find semantic tokens for: file:///C:/Users/Jair%20Morales/OneDrive%20-%20UVG/Escritorio/Progra2/Estructuras-de-datos-scala/PageNode.scala
2026.05.13 12:00:11 INFO  no build target found for C:\Users\Jair Morales\OneDrive - UVG\Escritorio\Progra2\Estructuras-de-datos-scala\PageNode.scala. Using presentation compiler with project's scala-library version: 3.3.7
2026.05.13 12:00:11 WARN  No build session currently active to reload. Attempting to reconnect.
2026.05.13 12:00:11 INFO  Attempting to connect to the build server...
2026.05.13 12:00:11 INFO  Running BSP server List(C:\Users\Jair Morales\AppData\Local\Coursier\data\bin\.scala-cli.aux.exe, bsp, --json-options, C:\Users\Jair Morales\OneDrive - UVG\Escritorio\Progra2\Estructuras-de-datos-scala\.scala-build\ide-options-v2.json, --json-launcher-options, C:\Users\Jair Morales\OneDrive - UVG\Escritorio\Progra2\Estructuras-de-datos-scala\.scala-build\ide-launcher-options.json, --envs-file, C:\Users\Jair Morales\OneDrive - UVG\Escritorio\Progra2\Estructuras-de-datos-scala\.scala-build\ide-envs.json, C:\Users\Jair Morales\OneDrive - UVG\Escritorio\Progra2\Estructuras-de-datos-scala)
2026.05.13 12:00:11 INFO  tracing is disabled for protocol BSP, to enable tracing of incoming and outgoing JSON messages create an empty file at C:\Users\Jair Morales\OneDrive - UVG\Escritorio\Progra2\Estructuras-de-datos-scala\.metals\bsp.trace.json or C:\Users\Jair Morales\AppData\Local\scalameta\metals\cache\bsp.trace.json
2026.05.13 12:00:11 WARN  Could not find semantic tokens for: file:///C:/Users/Jair%20Morales/OneDrive%20-%20UVG/Escritorio/Progra2/Estructuras-de-datos-scala/PageNode.scala
2026.05.13 12:00:11 INFO  time: Connected to build server in 0.62s
2026.05.13 12:00:12 INFO  Connected to Build server: scala-cli v1.12.3
2026.05.13 12:00:12 INFO  BSP server: May 13, 2026 12:00:12 PM org.eclipse.lsp4j.jsonrpc.services.GenericEndpoint request
2026.05.13 12:00:11 INFO  Failed to run request with params WrappedSourcesResult
org.eclipse.lsp4j.jsonrpc.ResponseErrorException: Unsupported request method: buildTarget/wrappedSources
	at org.eclipse.lsp4j.jsonrpc.RemoteEndpoint.handleResponse(RemoteEndpoint.java:214)
	at org.eclipse.lsp4j.jsonrpc.RemoteEndpoint.consume(RemoteEndpoint.java:198)
	at scala.meta.internal.metals.RequestMonitorImpl$$anon$1.consume(ServerLivenessMonitor.scala:41)
	at org.eclipse.lsp4j.jsonrpc.json.StreamMessageProducer.handleMessage(StreamMessageProducer.java:189)
	at org.eclipse.lsp4j.jsonrpc.json.StreamMessageProducer.listen(StreamMessageProducer.java:97)
	at org.eclipse.lsp4j.jsonrpc.json.ConcurrentMessageProcessor.run(ConcurrentMessageProcessor.java:97)
	at java.util.concurrent.Executors$RunnableAdapter.call(Executors.java:572)
	at java.util.concurrent.FutureTask.run(FutureTask.java:317)
	at java.util.concurrent.ThreadPoolExecutor.runWorker(ThreadPoolExecutor.java:1144)
	at java.util.concurrent.ThreadPoolExecutor$Worker.run(ThreadPoolExecutor.java:642)
	at java.lang.Thread.run(Thread.java:1583)

2026.05.13 12:00:12 INFO  BSP server: WARNING: Unsupported request method: buildTarget/wrappedSources
2026.05.13 12:00:11 INFO  Disconnecting from scala-cli session...
2026.05.13 12:00:11 ERROR Failed to connect with build server, no functionality will work.
scala.meta.internal.metals.MetalsBspException: BSP connection failed in the attempt to get: WrappedSourcesResult
	at scala.meta.internal.metals.BuildServerConnection$$anonfun$1.$anonfun$applyOrElse$9(BuildServerConnection.scala:585)
	at scala.Option.getOrElse(Option.scala:201)
	at scala.meta.internal.metals.BuildServerConnection$$anonfun$1.applyOrElse(BuildServerConnection.scala:585)
	at scala.meta.internal.metals.BuildServerConnection$$anonfun$1.applyOrElse(BuildServerConnection.scala:560)
	at scala.concurrent.impl.Promise$Transformation.run(Promise.scala:523)
	at java.util.concurrent.ThreadPoolExecutor.runWorker(ThreadPoolExecutor.java:1144)
	at java.util.concurrent.ThreadPoolExecutor$Worker.run(ThreadPoolExecutor.java:642)
	at java.lang.Thread.run(Thread.java:1583)
Caused by: org.eclipse.lsp4j.jsonrpc.ResponseErrorException: Unsupported request method: buildTarget/wrappedSources
	at org.eclipse.lsp4j.jsonrpc.RemoteEndpoint.handleResponse(RemoteEndpoint.java:214)
	at org.eclipse.lsp4j.jsonrpc.RemoteEndpoint.consume(RemoteEndpoint.java:198)
	at scala.meta.internal.metals.RequestMonitorImpl$$anon$1.consume(ServerLivenessMonitor.scala:41)
	at org.eclipse.lsp4j.jsonrpc.json.StreamMessageProducer.handleMessage(StreamMessageProducer.java:189)
	at org.eclipse.lsp4j.jsonrpc.json.StreamMessageProducer.listen(StreamMessageProducer.java:97)
	at org.eclipse.lsp4j.jsonrpc.json.ConcurrentMessageProcessor.run(ConcurrentMessageProcessor.java:97)
	at java.util.concurrent.Executors$RunnableAdapter.call(Executors.java:572)
	at java.util.concurrent.FutureTask.run(FutureTask.java:317)
	at java.util.concurrent.ThreadPoolExecutor.runWorker(ThreadPoolExecutor.java:1144)
	at java.util.concurrent.ThreadPoolExecutor$Worker.run(ThreadPoolExecutor.java:642)
	at java.lang.Thread.run(Thread.java:1583)

2026.05.13 12:00:11 INFO  Shut down connection with build server.
2026.05.13 12:00:16 INFO  no build target found for C:\Users\Jair Morales\OneDrive - UVG\Escritorio\Progra2\Estructuras-de-datos-scala\BrowserHistori.scala. Using presentation compiler with project's scala-library version: 3.3.7
2026.05.13 12:00:16 WARN  no build target for: C:\Users\Jair Morales\OneDrive - UVG\Escritorio\Progra2\Estructuras-de-datos-scala\BrowserHistori.scala
2026.05.13 12:00:16 INFO  no build target found for C:\Users\Jair Morales\OneDrive - UVG\Escritorio\Progra2\Estructuras-de-datos-scala\BrowserHistori.scala. Using presentation compiler with project's scala-library version: 3.3.7
2026.05.13 12:00:16 WARN  Could not find semantic tokens for: file:///C:/Users/Jair%20Morales/OneDrive%20-%20UVG/Escritorio/Progra2/Estructuras-de-datos-scala/BrowserHistori.scala
2026.05.13 12:00:16 INFO  no build target found for C:\Users\Jair Morales\OneDrive - UVG\Escritorio\Progra2\Estructuras-de-datos-scala\BrowserHistori.scala. Using presentation compiler with project's scala-library version: 3.3.7
2026.05.13 12:00:16 WARN  Could not find semantic tokens for: file:///C:/Users/Jair%20Morales/OneDrive%20-%20UVG/Escritorio/Progra2/Estructuras-de-datos-scala/BrowserHistori.scala
